"C:/Users/Eric/Desktop/New SP/RoboticsFCSimulator/Content/TopDownExampleMap_BuiltData.uasset" 0
"C:/Users/Eric/Desktop/New SP/RoboticsFCSimulator/Content/Core/BP_GameStateRoboticsFCSimulator.uasset" 1
"C:/Users/Eric/Desktop/New SP/RoboticsFCSimulator/Content/Core/Pallet/M_Product.uasset" 2
"C:/Users/Eric/Desktop/New SP/RoboticsFCSimulator/Content/Core/Pallet/MI_Product.uasset" 3
"../../../Engine/Content/EngineMaterials/T_Default_Material_Grid_N.uasset" 4
"../../../Engine/Content/EngineMaterials/T_Default_Material_Grid_M.uasset" 5
"../../../Engine/Content/Functions/Engine_MaterialFunctions01/Opacity/CameraDepthFade.uasset" 6
"../../../Engine/Content/EngineMaterials/WorldGridMaterial.uasset" 7
"../../../Engine/Content/BasicShapes/Cube.uasset" 8
"C:/Users/Eric/Desktop/New SP/RoboticsFCSimulator/Content/Geometry/Meshes/CubeMaterial.uasset" 9
"../../../Engine/Content/BasicShapes/BasicShapeMaterial.uasset" 10
"C:/Users/Eric/Desktop/New SP/RoboticsFCSimulator/Content/Core/RobotArm/AI/Transfer.uasset" 11
"C:/Users/Eric/Desktop/New SP/RoboticsFCSimulator/Content/Core/RobotArm/AI/SetInputs.uasset" 12
"C:/Users/Eric/Desktop/New SP/RoboticsFCSimulator/Content/Core/RobotArm/AI/RotateWithProduct.uasset" 13
"C:/Users/Eric/Desktop/New SP/RoboticsFCSimulator/Content/Core/RobotArm/AI/PickupProduct.uasset" 14
"C:/Users/Eric/Desktop/New SP/RoboticsFCSimulator/Content/Core/RobotArm/AI/LookToNewProduct.uasset" 15
"C:/Users/Eric/Desktop/New SP/RoboticsFCSimulator/Content/Core/RobotArm/AI/GetTransferReady.uasset" 16
"C:/Users/Eric/Desktop/New SP/RoboticsFCSimulator/Content/Core/RobotArm/AI/GetDropPoint.uasset" 17
"C:/Users/Eric/Desktop/New SP/RoboticsFCSimulator/Content/Core/RobotArm/AI/CheckDistanceToInputs.uasset" 18
"C:/Users/Eric/Desktop/New SP/RoboticsFCSimulator/Content/Core/RobotArm/AI/BB_RobotArm.uasset" 19
"C:/Users/Eric/Desktop/New SP/RoboticsFCSimulator/Content/Core/RobotArm/AI/BT_RobotArm.uasset" 20
"C:/Users/Eric/Desktop/New SP/RoboticsFCSimulator/Content/Core/RobotArm/AI/AI_RobotArm.uasset" 21
"C:/Users/Eric/Desktop/New SP/RoboticsFCSimulator/Content/Core/RobotArm/bp_RobotAr.uasset" 22
"C:/Users/Eric/Desktop/New SP/RoboticsFCSimulator/Content/Core/RobotArm/AI/CheckInput.uasset" 23
"C:/Users/Eric/Desktop/New SP/RoboticsFCSimulator/Content/Geometry/Meshes/1M_Cube_Chamfer.uasset" 24
"C:/Users/Eric/Desktop/New SP/RoboticsFCSimulator/Content/Geometry/Meshes/TemplateFloor.uasset" 25
"C:/Users/Eric/Desktop/New SP/RoboticsFCSimulator/Content/Mannequin/Character/Mesh/UE4_Mannequin_Skeleton.uasset" 26
"C:/Users/Eric/Desktop/New SP/RoboticsFCSimulator/Content/Mannequin/Animations/ThirdPersonJump_End.uasset" 27
"C:/Users/Eric/Desktop/New SP/RoboticsFCSimulator/Content/Mannequin/Character/Textures/T_UE4Logo_N.uasset" 28
"C:/Users/Eric/Desktop/New SP/RoboticsFCSimulator/Content/Mannequin/Character/Textures/T_UE4Logo_Mask.uasset" 29
"C:/Users/Eric/Desktop/New SP/RoboticsFCSimulator/Content/Mannequin/Character/Textures/T_Male_N.uasset" 30
"C:/Users/Eric/Desktop/New SP/RoboticsFCSimulator/Content/Mannequin/Character/Textures/T_Male_Mask.uasset" 31
"C:/Users/Eric/Desktop/New SP/RoboticsFCSimulator/Content/Mannequin/Character/Materials/MaterialLayers/T_ML_Rubber_Blue_01_N.uasset" 32
"C:/Users/Eric/Desktop/New SP/RoboticsFCSimulator/Content/Mannequin/Character/Materials/MaterialLayers/T_ML_Rubber_Blue_01_D.uasset" 33
"C:/Users/Eric/Desktop/New SP/RoboticsFCSimulator/Content/Mannequin/Character/Materials/MaterialLayers/T_ML_Aluminum01_N.uasset" 34
"C:/Users/Eric/Desktop/New SP/RoboticsFCSimulator/Content/Mannequin/Character/Materials/MaterialLayers/T_ML_Aluminum01.uasset" 35
"C:/Users/Eric/Desktop/New SP/RoboticsFCSimulator/Content/Mannequin/Character/Materials/MaterialLayers/ML_SoftMetal_UE4.uasset" 36
"C:/Users/Eric/Desktop/New SP/RoboticsFCSimulator/Content/Mannequin/Character/Materials/MaterialLayers/ML_Plastic_Shiny_Beige_LOGO.uasset" 37
"C:/Users/Eric/Desktop/New SP/RoboticsFCSimulator/Content/Mannequin/Character/Materials/MaterialLayers/ML_Plastic_Shiny_Beige.uasset" 38
"C:/Users/Eric/Desktop/New SP/RoboticsFCSimulator/Content/Mannequin/Character/Materials/MaterialLayers/ML_GlossyBlack_Latex_UE4.uasset" 39
"../../../Engine/Content/Functions/MaterialLayerFunctions/MatLayerBlend_Simple.uasset" 40
"../../../Engine/Content/Functions/Engine_MaterialFunctions02/Utility/BlendAngleCorrectedNormals.uasset" 41
"../../../Engine/Content/Functions/MaterialLayerFunctions/MatLayerBlend_NormalBlend.uasset" 42
"C:/Users/Eric/Desktop/New SP/RoboticsFCSimulator/Content/Mannequin/Character/Materials/M_Male_Body.uasset" 43
"C:/Users/Eric/Desktop/New SP/RoboticsFCSimulator/Content/Mannequin/Character/Materials/M_UE4Man_ChestLogo.uasset" 44
"C:/Users/Eric/Desktop/New SP/RoboticsFCSimulator/Content/Mannequin/Character/Textures/T_Female_N.uasset" 45
"C:/Users/Eric/Desktop/New SP/RoboticsFCSimulator/Content/Mannequin/Character/Textures/T_Female_Mask.uasset" 46
"C:/Users/Eric/Desktop/New SP/RoboticsFCSimulator/Content/Mannequin/Character/Materials/MI_Female_Body.uasset" 47
"C:/Users/Eric/Desktop/New SP/RoboticsFCSimulator/Content/Mannequin/Character/Mesh/SK_Mannequin_Female_PhysicsAsset.uasset" 48
"C:/Users/Eric/Desktop/New SP/RoboticsFCSimulator/Content/Mannequin/Character/Mesh/SK_Mannequin_Female.uasset" 49
"C:/Users/Eric/Desktop/New SP/RoboticsFCSimulator/Content/Meshes/NewMaterial.uasset" 50
"C:/Users/Eric/Desktop/New SP/RoboticsFCSimulator/Content/StarterContent/Architecture/MaterialInstanceDynamic_0.uasset" 51
"C:/Users/Eric/Desktop/New SP/RoboticsFCSimulator/Content/StarterContent/Architecture/MaterialInstanceDynamic_1.uasset" 52
"C:/Users/Eric/Desktop/New SP/RoboticsFCSimulator/Content/StarterContent/Architecture/MaterialInstanceDynamic_2.uasset" 53
"C:/Users/Eric/Desktop/New SP/RoboticsFCSimulator/Content/StarterContent/Architecture/MaterialInstanceDynamic_4.uasset" 54
"C:/Users/Eric/Desktop/New SP/RoboticsFCSimulator/Content/StarterContent/Architecture/MaterialInstanceDynamic_5.uasset" 55
"C:/Users/Eric/Desktop/New SP/RoboticsFCSimulator/Content/StarterContent/Architecture/MaterialInstanceDynamic_6.uasset" 56
"C:/Users/Eric/Desktop/New SP/RoboticsFCSimulator/Content/StarterContent/Materials/M_Basic_Wall.uasset" 57
"C:/Users/Eric/Desktop/New SP/RoboticsFCSimulator/Content/StarterContent/Architecture/Pillar_50x500.uasset" 58
"C:/Users/Eric/Desktop/New SP/RoboticsFCSimulator/Content/StarterContent/Architecture/Wall_400x300.uasset" 59
"C:/Users/Eric/Desktop/New SP/RoboticsFCSimulator/Content/StarterContent/Architecture/Wall_400x400.uasset" 60
"C:/Users/Eric/Desktop/New SP/RoboticsFCSimulator/Content/StarterContent/Architecture/Wall_500x500.uasset" 61
"C:/Users/Eric/Desktop/New SP/RoboticsFCSimulator/Content/StarterContent/Architecture/Wall_Door_400x400.uasset" 62
"C:/Users/Eric/Desktop/New SP/RoboticsFCSimulator/Content/StarterContent/Architecture/Wall_Window_400x400.uasset" 63
"C:/Users/Eric/Desktop/New SP/RoboticsFCSimulator/Content/StarterContent/Audio/Collapse01.uasset" 64
"C:/Users/Eric/Desktop/New SP/RoboticsFCSimulator/Content/StarterContent/Audio/Collapse02.uasset" 65
"C:/Users/Eric/Desktop/New SP/RoboticsFCSimulator/Content/StarterContent/Audio/Explosion01.uasset" 66
"C:/Users/Eric/Desktop/New SP/RoboticsFCSimulator/Content/StarterContent/Audio/Explosion02.uasset" 67
"C:/Users/Eric/Desktop/New SP/RoboticsFCSimulator/Content/StarterContent/Audio/Fire01.uasset" 68
"C:/Users/Eric/Desktop/New SP/RoboticsFCSimulator/Content/StarterContent/Audio/Fire_Sparks01.uasset" 69
"C:/Users/Eric/Desktop/New SP/RoboticsFCSimulator/Content/StarterContent/Audio/Light01.uasset" 70
"C:/Users/Eric/Desktop/New SP/RoboticsFCSimulator/Content/StarterContent/Audio/Light01_Cue.uasset" 71
"C:/Users/Eric/Desktop/New SP/RoboticsFCSimulator/Content/StarterContent/Audio/Light02.uasset" 72
"C:/Users/Eric/Desktop/New SP/RoboticsFCSimulator/Content/StarterContent/Audio/Light02_Cue.uasset" 73
"C:/Users/Eric/Desktop/New SP/RoboticsFCSimulator/Content/StarterContent/Audio/Smoke01.uasset" 74
"C:/Users/Eric/Desktop/New SP/RoboticsFCSimulator/Content/StarterContent/Audio/Starter_Birds01.uasset" 75
"C:/Users/Eric/Desktop/New SP/RoboticsFCSimulator/Content/StarterContent/Audio/Starter_Music01.uasset" 76
"C:/Users/Eric/Desktop/New SP/RoboticsFCSimulator/Content/StarterContent/Audio/Starter_Wind05.uasset" 77
"C:/Users/Eric/Desktop/New SP/RoboticsFCSimulator/Content/StarterContent/Audio/Starter_Wind06.uasset" 78
"C:/Users/Eric/Desktop/New SP/RoboticsFCSimulator/Content/StarterContent/Audio/Steam01.uasset" 79
"C:/Users/Eric/Desktop/New SP/RoboticsFCSimulator/Content/StarterContent/Textures/T_Smoke_Tiled_D.uasset" 80
"C:/Users/Eric/Desktop/New SP/RoboticsFCSimulator/Content/StarterContent/Textures/T_Smoke_SubUV.uasset" 81
"C:/Users/Eric/Desktop/New SP/RoboticsFCSimulator/Content/StarterContent/Particles/Materials/M_smoke_subUV.uasset" 82
"../../../Engine/Content/Functions/Engine_MaterialFunctions01/Gradient/RadialGradient.uasset" 83
"C:/Users/Eric/Desktop/New SP/RoboticsFCSimulator/Content/StarterContent/Particles/Materials/M_radial_ramp.uasset" 84
"C:/Users/Eric/Desktop/New SP/RoboticsFCSimulator/Content/StarterContent/Particles/Materials/m_flare_01.uasset" 85
"C:/Users/Eric/Desktop/New SP/RoboticsFCSimulator/Content/StarterContent/Textures/T_Explosion_SubUV.uasset" 86
"C:/Users/Eric/Desktop/New SP/RoboticsFCSimulator/Content/StarterContent/Particles/Materials/M_explosion_subUV.uasset" 87
"C:/Users/Eric/Desktop/New SP/RoboticsFCSimulator/Content/StarterContent/Textures/T_Burst_M.uasset" 88
"C:/Users/Eric/Desktop/New SP/RoboticsFCSimulator/Content/StarterContent/Particles/Materials/M_Burst.uasset" 89
"C:/Users/Eric/Desktop/New SP/RoboticsFCSimulator/Content/StarterContent/Particles/P_Explosion.uasset" 90
"C:/Users/Eric/Desktop/New SP/RoboticsFCSimulator/Content/StarterContent/Audio/Explosion_Cue.uasset" 91
"C:/Users/Eric/Desktop/New SP/RoboticsFCSimulator/Content/StarterContent/Blueprints/Blueprint_Effect_Explosion.uasset" 92
"../../../Engine/Content/EditorMeshes/ColorCalibrator/T_ColorGrid.uasset" 93
"C:/Users/Eric/Desktop/New SP/RoboticsFCSimulator/Content/StarterContent/Materials/M_ColorGrid_LowSpec.uasset" 94
"C:/Users/Eric/Desktop/New SP/RoboticsFCSimulator/Content/StarterContent/Textures/T_Bush_N.uasset" 95
"C:/Users/Eric/Desktop/New SP/RoboticsFCSimulator/Content/StarterContent/Textures/T_Bush_D.uasset" 96
"C:/Users/Eric/Desktop/New SP/RoboticsFCSimulator/Content/StarterContent/Props/Materials/M_Bush.uasset" 97
"C:/Users/Eric/Desktop/New SP/RoboticsFCSimulator/Content/StarterContent/Props/SM_Bush.uasset" 98
"C:/Users/Eric/Desktop/New SP/RoboticsFCSimulator/Content/StarterContent/Textures/T_Chair_N.uasset" 99
"C:/Users/Eric/Desktop/New SP/RoboticsFCSimulator/Content/StarterContent/Textures/T_Chair_M.uasset" 100
"C:/Users/Eric/Desktop/New SP/RoboticsFCSimulator/Content/StarterContent/Props/Materials/M_Chair.uasset" 101
"C:/Users/Eric/Desktop/New SP/RoboticsFCSimulator/Content/StarterContent/Props/SM_Couch.uasset" 102
"C:/Users/Eric/Desktop/New SP/RoboticsFCSimulator/Content/StarterContent/Materials/M_Glass.uasset" 103
"C:/Users/Eric/Desktop/New SP/RoboticsFCSimulator/Content/StarterContent/Textures/T_Door_N.uasset" 104
"C:/Users/Eric/Desktop/New SP/RoboticsFCSimulator/Content/StarterContent/Textures/T_Door_M.uasset" 105
"C:/Users/Eric/Desktop/New SP/RoboticsFCSimulator/Content/StarterContent/Props/Materials/M_Door.uasset" 106
"C:/Users/Eric/Desktop/New SP/RoboticsFCSimulator/Content/StarterContent/Props/SM_Door.uasset" 107
"C:/Users/Eric/Desktop/New SP/RoboticsFCSimulator/Content/StarterContent/Props/Materials/M_MaterialSphere_Plain.uasset" 108
"C:/Users/Eric/Desktop/New SP/RoboticsFCSimulator/Content/StarterContent/Props/Materials/M_MaterialSphere.uasset" 109
"C:/Users/Eric/Desktop/New SP/RoboticsFCSimulator/Content/StarterContent/Props/SM_MatPreviewMesh_02.uasset" 110
"C:/Users/Eric/Desktop/New SP/RoboticsFCSimulator/Content/StarterContent/Textures/T_Rock_Basalt_D.uasset" 111
"C:/Users/Eric/Desktop/New SP/RoboticsFCSimulator/Content/StarterContent/Textures/T_RockMesh_N.uasset" 112
"C:/Users/Eric/Desktop/New SP/RoboticsFCSimulator/Content/StarterContent/Textures/T_RockMesh_M.uasset" 113
"C:/Users/Eric/Desktop/New SP/RoboticsFCSimulator/Content/StarterContent/Textures/T_Detail_Rocky_N.uasset" 114
"C:/Users/Eric/Desktop/New SP/RoboticsFCSimulator/Content/StarterContent/Props/Materials/M_Rock.uasset" 115
"C:/Users/Eric/Desktop/New SP/RoboticsFCSimulator/Content/StarterContent/Props/SM_Rock.uasset" 116
"C:/Users/Eric/Desktop/New SP/RoboticsFCSimulator/Content/StarterContent/Textures/T_Shelf_N.uasset" 117
"C:/Users/Eric/Desktop/New SP/RoboticsFCSimulator/Content/StarterContent/Textures/T_Shelf_M.uasset" 118
"C:/Users/Eric/Desktop/New SP/RoboticsFCSimulator/Content/StarterContent/Props/Materials/M_Shelf.uasset" 119
"C:/Users/Eric/Desktop/New SP/RoboticsFCSimulator/Content/StarterContent/Props/SM_Shelf.uasset" 120
"C:/Users/Eric/Desktop/New SP/RoboticsFCSimulator/Content/StarterContent/Materials/M_Basic_Floor.uasset" 121
"C:/Users/Eric/Desktop/New SP/RoboticsFCSimulator/Content/StarterContent/Props/SM_Stairs.uasset" 122
"C:/Users/Eric/Desktop/New SP/RoboticsFCSimulator/Content/StarterContent/Shapes/Shape_Cone.uasset" 123
"C:/Users/Eric/Desktop/New SP/RoboticsFCSimulator/Content/StarterContent/Shapes/Shape_Cylinder.uasset" 124
"C:/Users/Eric/Desktop/New SP/RoboticsFCSimulator/Content/StarterContent/Shapes/Shape_NarrowCapsule.uasset" 125
"C:/Users/Eric/Desktop/New SP/RoboticsFCSimulator/Content/StarterContent/Shapes/Shape_Pipe.uasset" 126
"C:/Users/Eric/Desktop/New SP/RoboticsFCSimulator/Content/StarterContent/Shapes/Shape_Pipe_180.uasset" 127
"C:/Users/Eric/Desktop/New SP/RoboticsFCSimulator/Content/StarterContent/Shapes/Shape_Pipe_90.uasset" 128
"C:/Users/Eric/Desktop/New SP/RoboticsFCSimulator/Content/StarterContent/Shapes/Shape_Torus.uasset" 129
"C:/Users/Eric/Desktop/New SP/RoboticsFCSimulator/Content/StarterContent/Shapes/Shape_Trim.uasset" 130
"C:/Users/Eric/Desktop/New SP/RoboticsFCSimulator/Content/StarterContent/Shapes/Shape_Trim_90_In.uasset" 131
"C:/Users/Eric/Desktop/New SP/RoboticsFCSimulator/Content/StarterContent/Shapes/Shape_Trim_90_Out.uasset" 132
"C:/Users/Eric/Desktop/New SP/RoboticsFCSimulator/Content/StarterContent/Shapes/Shape_TriPyramid.uasset" 133
"C:/Users/Eric/Desktop/New SP/RoboticsFCSimulator/Content/StarterContent/Shapes/Shape_Tube.uasset" 134
"C:/Users/Eric/Desktop/New SP/RoboticsFCSimulator/Content/StarterContent/Shapes/Shape_Wedge_A.uasset" 135
"C:/Users/Eric/Desktop/New SP/RoboticsFCSimulator/Content/StarterContent/Shapes/Shape_Wedge_B.uasset" 136
"C:/Users/Eric/Desktop/New SP/RoboticsFCSimulator/Content/StarterContent/Shapes/Shape_WideCapsule.uasset" 137
"C:/Users/Eric/Desktop/New SP/RoboticsFCSimulator/Content/TopDownCPP/TopDownOverview.uasset" 138
"../../../Engine/Content/EditorBlueprintResources/StandardMacros.uasset" 139
"C:/Users/Eric/Desktop/New SP/RoboticsFCSimulator/Content/TopDownCPP/Blueprints/BP_CameraPawn.uasset" 140
"../../../Engine/Content/Functions/Engine_MaterialFunctions01/Density/ExponentialDensity.uasset" 141
"../../../Engine/Content/Functions/Engine_MaterialFunctions01/Gradient/RadialGradientExponential.uasset" 142
"C:/Users/Eric/Desktop/New SP/RoboticsFCSimulator/Content/TopDownCPP/Blueprints/M_Cursor_Decal.uasset" 143
"C:/Users/Eric/Desktop/New SP/RoboticsFCSimulator/Content/Mannequin/Character/Mesh/SK_Mannequin_PhysicsAsset.uasset" 144
"C:/Users/Eric/Desktop/New SP/RoboticsFCSimulator/Content/Mannequin/Character/Mesh/SK_Mannequin.uasset" 145
"C:/Users/Eric/Desktop/New SP/RoboticsFCSimulator/Content/Mannequin/Animations/ThirdPersonWalk.uasset" 146
"C:/Users/Eric/Desktop/New SP/RoboticsFCSimulator/Content/Mannequin/Animations/ThirdPersonRun.uasset" 147
"C:/Users/Eric/Desktop/New SP/RoboticsFCSimulator/Content/Mannequin/Animations/ThirdPersonIdle.uasset" 148
"C:/Users/Eric/Desktop/New SP/RoboticsFCSimulator/Content/Mannequin/Animations/ThirdPerson_IdleRun_2D.uasset" 149
"C:/Users/Eric/Desktop/New SP/RoboticsFCSimulator/Content/Mannequin/Animations/ThirdPerson_Jump.uasset" 150
"C:/Users/Eric/Desktop/New SP/RoboticsFCSimulator/Content/Mannequin/Animations/ThirdPersonJump_Start.uasset" 151
"C:/Users/Eric/Desktop/New SP/RoboticsFCSimulator/Content/Mannequin/Animations/ThirdPersonJump_Loop.uasset" 152
"C:/Users/Eric/Desktop/New SP/RoboticsFCSimulator/Content/Mannequin/Animations/ThirdPerson_AnimBP.uasset" 153
"C:/Users/Eric/Desktop/New SP/RoboticsFCSimulator/Content/TopDownCPP/Blueprints/TopDownCharacter.uasset" 154
"../../../Engine/Content/Animation/DefaultAnimBoneCompressionSettings.uasset" 155
"../../../Engine/Content/Animation/DefaultAnimCurveCompressionSettings.uasset" 156
"../../../Engine/Content/ArtTools/RenderToTexture/Meshes/S_1_Unit_Plane.uasset" 157
"../../../Engine/Content/EngineMaterials/DefaultMaterial.uasset" 158
"../../../Engine/Content/BasicShapes/Cone.uasset" 159
"../../../Engine/Content/BasicShapes/Plane.uasset" 160
"../../../Engine/Content/BasicShapes/Sphere.uasset" 161
"../../../Engine/Content/EditorLandscapeResources/DataLayer.uasset" 162
"../../../Engine/Content/EditorLandscapeResources/DefaultAlphaTexture.uasset" 163
"../../../Engine/Content/EditorMaterials/MAT_Groups_Toggle.uasset" 164
"../../../Engine/Content/EditorMaterials/MAT_Groups_Visibility.uasset" 165
"../../../Engine/Content/EditorMaterials/PreviewShadowIndicator.uasset" 166
"../../../Engine/Content/EditorMaterials/PreviewShadowIndicatorMaterial.uasset" 167
"../../../Engine/Content/EditorMaterials/MatineeGroups/MAT_ColorTrack.uasset" 168
"../../../Engine/Content/EditorMaterials/MatineeGroups/MAT_Groups_Anim.uasset" 169
"../../../Engine/Content/EditorMaterials/MatineeGroups/MAT_Groups_AudioMaster.uasset" 170
"../../../Engine/Content/EditorMaterials/MatineeGroups/MAT_Groups_Director.uasset" 171
"../../../Engine/Content/EditorMaterials/MatineeGroups/MAT_Groups_Event.uasset" 172
"../../../Engine/Content/EditorMaterials/MatineeGroups/MAT_Groups_Fade.uasset" 173
"../../../Engine/Content/EditorMaterials/MatineeGroups/MAT_Groups_Float.uasset" 174
"../../../Engine/Content/EditorMaterials/MatineeGroups/MAT_Groups_Move.uasset" 175
"../../../Engine/Content/EditorMaterials/MatineeGroups/MAT_Groups_Slomo.uasset" 176
"../../../Engine/Content/EditorMaterials/MatineeGroups/MAT_Groups_Sound.uasset" 177
"../../../Engine/Content/EditorMaterials/MatineeGroups/MAT_Groups_Vector.uasset" 178
"../../../Engine/Content/EditorMaterials/ParticleSystems/PSysThumbnail_NoImage.uasset" 179
"../../../Engine/Content/EditorMaterials/ParticleSystems/PSysThumbnail_OOD.uasset" 180
"../../../Engine/Content/EditorMaterials/Camera/CineMat.uasset" 181
"../../../Engine/Content/EditorMaterials/Camera/MI_CineMat_Rig.uasset" 182
"../../../Engine/Content/EditorMeshes/Camera/SM_CraneRig_Arm.uasset" 183
"../../../Engine/Content/EditorMeshes/Camera/SM_CraneRig_Base.uasset" 184
"../../../Engine/Content/EditorMeshes/Camera/SM_CraneRig_Body.uasset" 185
"../../../Engine/Content/EditorMeshes/Camera/SM_CraneRig_Mount.uasset" 186
"../../../Engine/Content/EditorMeshes/Camera/SM_RailRig_Mount.uasset" 187
"../../../Engine/Content/EditorMeshes/Camera/SM_RailRig_Track.uasset" 188
"../../../Engine/Content/EditorResources/BSPVertex.uasset" 189
"../../../Engine/Content/EditorResources/EmptyActor.uasset" 190
"../../../Engine/Content/EditorResources/S_Actor.uasset" 191
"../../../Engine/Content/EditorResources/S_Note.uasset" 192
"../../../Engine/Content/EditorResources/S_Solver.uasset" 193
"../../../Engine/Content/EditorResources/S_Terrain.uasset" 194
"../../../Engine/Content/EditorResources/S_Trigger.uasset" 195
"../../../Engine/Content/EditorResources/AudioIcons/S_AudioComponent.uasset" 196
"../../../Engine/Content/EditorResources/AudioIcons/S_AudioComponent_AutoActivate.uasset" 197
"../../../Engine/Content/EditorResources/LightIcons/S_LightError.uasset" 198
"../../../Engine/Content/EditorResources/SequenceRecorder/Countdown.uasset" 199
"../../../Engine/Content/EditorResources/SequenceRecorder/RecordingIndicator.uasset" 200
"../../../Engine/Content/EngineDamageTypes/DmgTypeBP_Environmental.uasset" 201
"../../../Engine/Content/EngineDebugMaterials/DebugEditorMaterial.uasset" 202
"../../../Engine/Content/EngineDebugMaterials/DebugMeshMaterial.uasset" 203
"../../../Engine/Content/EngineDebugMaterials/M_SimpleUnlitTranslucent.uasset" 204
"../../../Engine/Content/EngineDebugMaterials/VolumeToRender.uasset" 205
"../../../Engine/Content/Functions/Engine_MaterialFunctions02/Utility/CameraDirectionVector.uasset" 206
"../../../Engine/Content/EngineDebugMaterials/M_VolumeRenderSphereTracePP.uasset" 207
"../../../Engine/Content/Functions/Engine_MaterialFunctions01/Shading/ConvertFromDiffSpec.uasset" 208
"../../../Engine/Content/EngineDebugMaterials/VertexColorMaterial.uasset" 209
"../../../Engine/Content/EngineDebugMaterials/WireframeMaterial.uasset" 210
"../../../Engine/Content/EngineFonts/Faces/RobotoRegular.uasset" 211
"../../../Engine/Content/EngineFonts/Faces/RobotoLight.uasset" 212
"../../../Engine/Content/EngineFonts/Faces/RobotoItalic.uasset" 213
"../../../Engine/Content/EngineFonts/Faces/RobotoBoldItalic.uasset" 214
"../../../Engine/Content/EngineFonts/Faces/RobotoBold.uasset" 215
"../../../Engine/Content/EngineFonts/Faces/DroidSansFallback.uasset" 216
"../../../Engine/Content/EngineFonts/Roboto.uasset" 217
"../../../Engine/Content/EngineMaterials/BaseFlattenNormalMap.uasset" 218
"../../../Engine/Content/EngineMaterials/BaseFlattenGrayscaleMap.uasset" 219
"../../../Engine/Content/EngineMaterials/BaseFlattenEmissiveMap.uasset" 220
"../../../Engine/Content/EngineMaterials/BaseFlattenDiffuseMap.uasset" 221
"../../../Engine/Content/EngineMaterials/BaseFlattenMaterial.uasset" 222
"../../../Engine/Content/EngineMaterials/BlueNoise.uasset" 223
"../../../Engine/Content/EngineMaterials/DefaultBloomKernel.uasset" 224
"../../../Engine/Content/EngineMaterials/DefaultBokeh.uasset" 225
"../../../Engine/Content/EngineMaterials/DefaultDiffuse.uasset" 226
"../../../Engine/Content/EngineMaterials/DefaultDeferredDecalMaterial.uasset" 227
"../../../Engine/Content/EngineMaterials/DefaultLightFunctionMaterial.uasset" 228
"../../../Engine/Content/EngineMaterials/DefaultPhysicalMaterial.uasset" 229
"../../../Engine/Content/Functions/Engine_MaterialFunctions02/Utility/BreakOutFloat2Components.uasset" 230
"../../../Engine/Content/EngineMaterials/DefaultPostProcessMaterial.uasset" 231
"../../../Engine/Content/EngineFonts/RobotoDistanceField.uasset" 232
"../../../Engine/Content/EngineMaterials/DefaultTextMaterialOpaque.uasset" 233
"../../../Engine/Content/EngineMaterials/DefaultWhiteGrid_Low.uasset" 234
"../../../Engine/Content/EngineMaterials/EmissiveMeshMaterial.uasset" 235
"../../../Engine/Content/EngineMaterials/GizmoMaterial.uasset" 236
"../../../Engine/Content/EngineMaterials/Good64x64TilingNoiseHighFreq.uasset" 237
"../../../Engine/Content/EngineMaterials/MiniFont.uasset" 238
"../../../Engine/Content/EngineMaterials/InvalidLightmapSettings.uasset" 239
"../../../Engine/Content/EngineMaterials/M_InvalidLightmapSettings.uasset" 240
"../../../Engine/Content/Functions/Engine_MaterialFunctions02/WorldPositionOffset/CameraOffset.uasset" 241
"../../../Engine/Content/EngineMaterials/PhAT_JointLimitMaterial.uasset" 242
"../../../Engine/Content/EngineMaterials/PreintegratedSkinBRDF.uasset" 243
"../../../Engine/Content/EngineMaterials/RemoveSurfaceMaterial.uasset" 244
"../../../Engine/Content/EngineMaterials/WeightMapPlaceholderTexture.uasset" 245
"../../../Engine/Content/EngineResources/WhiteSquareTexture.uasset" 246
"../../../Engine/Content/EngineMaterials/Widget3DPassThrough.uasset" 247
"../../../Engine/Content/EngineMaterials/Widget3DPassThrough_Masked.uasset" 248
"../../../Engine/Content/EngineMaterials/Widget3DPassThrough_Opaque.uasset" 249
"../../../Engine/Content/EngineMaterials/Widget3DPassThrough_Masked_OneSided.uasset" 250
"../../../Engine/Content/EngineMaterials/Widget3DPassThrough_Opaque_OneSided.uasset" 251
"../../../Engine/Content/EngineMaterials/Widget3DPassThrough_Translucent.uasset" 252
"../../../Engine/Content/EngineMaterials/Widget3DPassThrough_Translucent_OneSided.uasset" 253
"../../../Engine/Content/EngineMeshes/Cylinder.uasset" 254
"../../../Engine/Content/EngineMeshes/Sphere.uasset" 255
"../../../Engine/Content/EngineResources/Black.uasset" 256
"../../../Engine/Content/EngineResources/DefaultTextureCube.uasset" 257
"../../../Engine/Content/EngineResources/DefaultVolumeTexture2D.uasset" 258
"../../../Engine/Content/EngineResources/DefaultVolumeTexture.uasset" 259
"../../../Engine/Content/EngineResources/GradientTexture0.uasset" 260
"../../../Engine/Content/EngineSky/VolumetricClouds/T_NoiseShape64.uasset" 261
"../../../Engine/Content/EngineSky/VolumetricClouds/T_VolumeNoiseShape64.uasset" 262
"../../../Engine/Content/EngineSky/VolumetricClouds/T_NoiseErosion.uasset" 263
"../../../Engine/Content/EngineSky/VolumetricClouds/T_VolumeNoiseErosion32.uasset" 264
"../../../Engine/Content/EngineSky/VolumetricClouds/CloudWeatherTexture.uasset" 265
"../../../Engine/Content/EngineSky/VolumetricClouds/CloudGradientTexture.uasset" 266
"../../../Engine/Content/Functions/Engine_MaterialFunctions02/Utility/MakeFloat2.uasset" 267
"../../../Engine/Content/EngineSky/VolumetricClouds/m_SimpleVolumetricCloud.uasset" 268
"../../../Engine/Content/EngineSky/VolumetricClouds/m_SimpleVolumetricCloud_Inst.uasset" 269
"../../../Engine/Content/EngineSounds/Master.uasset" 270
"../../../Engine/Content/Functions/Engine_MaterialFunctions01/Shading/PowerToRoughness.uasset" 271
"../../../Engine/Content/Maps/Templates/Thumbnails/Default.uasset" 272
"../../../Engine/Content/Maps/Templates/Thumbnails/TimeOfDay.uasset" 273
"../../../Engine/Content/Maps/Templates/Thumbnails/VR-Basic.uasset" 274
"../../../Engine/Content/MobileResources/T_MobileControls_texture.uasset" 275
"../../../Engine/Content/MobileResources/T_MobileMenu2.uasset" 276
"../../../Engine/Content/MobileResources/HUD/AnalogHat.uasset" 277
"../../../Engine/Content/MobileResources/HUD/VirtualJoystick_Thumb.uasset" 278
"../../../Engine/Content/MobileResources/HUD/VirtualJoystick_Background.uasset" 279
"../../../Engine/Content/MobileResources/HUD/DefaultVirtualJoysticks.uasset" 280
"../../../Engine/Content/MobileResources/HUD/LeftVirtualJoystickOnly.uasset" 281
"../../../Engine/Content/MobileResources/HUD/MobileHUDButton1_off.uasset" 282
"../../../Engine/Content/MobileResources/HUD/MobileHUDButton1_on.uasset" 283
"../../../Engine/Content/MobileResources/HUD/MobileHUDButton2_off.uasset" 284
"../../../Engine/Content/MobileResources/HUD/MobileHUDButton2_on.uasset" 285
"../../../Engine/Content/MobileResources/HUD/MobileHUDButton3.uasset" 286
"../../../Engine/Content/MobileResources/HUD/MobileHUDButtonFire.uasset" 287
"../../../Engine/Content/MobileResources/HUD/MobileHUDDirectionPad.uasset" 288
"../../../Engine/Content/MobileResources/HUD/MobileHUDDirectionPad2.uasset" 289
"../../../Engine/Content/MobileResources/HUD/MobileHUDDirectionPad3.uasset" 290
"../../../Engine/Content/MobileResources/HUD/MobileHUDDirectionStick.uasset" 291
"../../../Engine/Content/MobileResources/HUD/T_Castle_ThumbstickInner.uasset" 292
"../../../Engine/Content/MobileResources/HUD/T_Castle_ThumbstickOutter.uasset" 293
"../../../Engine/Content/Tutorial/ContentIntroCurve.uasset" 294
"../../../Engine/Content/Tutorial/Basics/LevelEditorAttract.uasset" 295
"../../../Engine/Content/Tutorial/Basics/TutorialAssets/icon_tab_Levels_40x.uasset" 296
"../../../Engine/Content/Tutorial/Basics/LevelEditorOverview.uasset" 297
"../../../Engine/Content/Tutorial/BlueprintTutorials/TutorialAssets/Blueprint_64x.uasset" 298
"../../../Engine/Content/Tutorial/BlueprintTutorials/BlueprintEditorTutorial.uasset" 299
"../../../Engine/Content/VREditor/TransformGizmo/TranslucentTransformGizmoMaterial.uasset" 300
"../../../Engine/Content/VREditor/LaserPointer/VR_LaserPower_01.uasset" 301
"../../../Engine/Content/VREditor/TransformGizmo/TransformGizmoMaterial.uasset" 302
"../../../Engine/Content/VREditor/TransformGizmo/BoundingBoxCorner.uasset" 303
"../../../Engine/Content/VREditor/TransformGizmo/BoundingBoxEdge.uasset" 304
"../../../Engine/Content/VREditor/TransformGizmo/PlaneTranslationHandle.uasset" 305
"../../../Engine/Content/VREditor/TransformGizmo/Xray.uasset" 306
"../../../Engine/Content/VREditor/TransformGizmo/Main.uasset" 307
"../../../Engine/Content/VREditor/TransformGizmo/SM_Sequencer_Key.uasset" 308
"../../../Engine/Content/VREditor/TransformGizmo/SM_Sequencer_Node.uasset" 309
"../../Plugins/2D/Paper2D/Content/PlaceholderTextures/DummySpriteTexture.uasset" 310
"../../Plugins/2D/Paper2D/Content/DummySprite.uasset" 311
"../../Plugins/2D/Paper2D/Content/DefaultPaperTerrainMaterial.uasset" 312
"../../Plugins/2D/Paper2D/Content/DefaultSpriteMaterial.uasset" 313
"../../Plugins/2D/Paper2D/Content/MaskedUnlitSpriteMaterial.uasset" 314
"../../Plugins/2D/Paper2D/Content/OpaqueUnlitSpriteMaterial.uasset" 315
"../../../Engine/Content/Functions/Engine_MaterialFunctions02/Utility/BreakOutFloat3Components.uasset" 316
"../../Plugins/Editor/SpeedTreeImporter/Content/SpeedTree9/UnpackInteger3.uasset" 317
"../../Plugins/Editor/SpeedTreeImporter/Content/SpeedTree9/UnpackDirection.uasset" 318
"../../Plugins/Editor/SpeedTreeImporter/Content/SpeedTree9/game_wind_noise.uasset" 319
"../../../Engine/Content/Functions/Engine_MaterialFunctions02/SafeNormalize.uasset" 320
"../../Plugins/Editor/SpeedTreeImporter/Content/SpeedTree9/SpeedTreeWindMotion.uasset" 321
"../../Plugins/Editor/SpeedTreeImporter/Content/SpeedTree9/SpeedTreeBranchMotion.uasset" 322
"../../../Engine/Content/Functions/Engine_MaterialFunctions02/ObjectLocalBounds.uasset" 323
"../../../Engine/Content/Functions/Engine_MaterialFunctions02/UVs/BoundingBoxBased_0-1_UVW.uasset" 324
"../../Plugins/Editor/SpeedTreeImporter/Content/SpeedTree9/SpeedTreeWind.uasset" 325
"../../Plugins/Editor/SpeedTreeImporter/Content/SpeedTree9/SpeedTreeBillboard.uasset" 326
"../../../Engine/Content/EngineResources/DefaultTexture.uasset" 327
"../../Plugins/Editor/SpeedTreeImporter/Content/SpeedTree9/SpeedTreeBillboardMaster.uasset" 328
"../../Plugins/Editor/SpeedTreeImporter/Content/SpeedTree9/SpeedTreeCameraFacing.uasset" 329
"../../Plugins/Editor/SpeedTreeImporter/Content/SpeedTree9/SpeedTreeMaster.uasset" 330
"../../../Engine/Content/BasicShapes/Cylinder.uasset" 331
"../../../Engine/Content/ArtTools/RenderToTexture/Materials/Debug/M_Emissive_Color.uasset" 332
"../../Plugins/Lumin/MagicLeapPassableWorld/Content/MagicLeapARPinInfoActor.uasset" 333
"../../../Engine/Content/Functions/Engine_MaterialFunctions02/Utility/BreakOutFloat4Components.uasset" 334
"../../../Engine/Content/Functions/Engine_MaterialFunctions02/Utility/MakeFloat3.uasset" 335
"../../Plugins/Runtime/Oculus/OculusVR/Content/Materials/OculusMR_ChromaKey.uasset" 336
"../../Plugins/Runtime/Oculus/OculusVR/Content/Materials/OculusMR_OpaqueColoredMaterial.uasset" 337
"../../Plugins/Runtime/Oculus/OculusVR/Content/Materials/PokeAHoleMaterial.uasset" 338
"../../../Engine/Content/EngineSky/T_Sky_Stars.uasset" 339
"../../../Engine/Content/EngineSky/T_Sky_Clouds_M.uasset" 340
"../../../Engine/Content/EngineSky/T_Sky_Blue.uasset" 341
"../../../Engine/Content/EngineSky/M_Sky_Panning_Clouds2.uasset" 342
"../../../Engine/Content/EngineSky/SM_SkySphere.uasset" 343
"../../../Engine/Content/EngineSky/C_Sky_Zenith_Color.uasset" 344
"../../../Engine/Content/EngineSky/C_Sky_Horizon_Color.uasset" 345
"../../../Engine/Content/EngineSky/C_Sky_Cloud_Color.uasset" 346
"../../../Engine/Content/EngineSky/BP_Sky_Sphere.uasset" 347
"../../../Engine/Content/EngineMaterials/BlendFunc_DefBlend.uasset" 348
"../../../Engine/Content/EngineMaterials/BlendFunc_DefBase.uasset" 349
"../../../Engine/Content/EngineMaterials/DefaultWhiteGrid.uasset" 350
"C:/Users/Eric/Desktop/New SP/RoboticsFCSimulator/Content/TopDownExampleMap.umap" 351
"../../../Engine/Content/EditorMeshes/ColorCalibrator/M_GreyBall.uasset" 352
"../../../Engine/Content/EditorMeshes/ColorCalibrator/Color_checker.uasset" 353
"../../../Engine/Content/EditorMeshes/ColorCalibrator/M_ColorGrid.uasset" 354
"../../../Engine/Content/EditorMeshes/ColorCalibrator/M_ClearCoatBlack.uasset" 355
"../../../Engine/Content/EditorMeshes/ColorCalibrator/M_ClearCoat.uasset" 356
"../../../Engine/Content/EditorMeshes/ColorCalibrator/M_ChromeBall.uasset" 357
"../../../Engine/Content/EditorMeshes/ColorCalibrator/SM_ColorCalibrator.uasset" 358
"C:/Users/Eric/Desktop/New SP/RoboticsFCSimulator/Content/StarterContent/Maps/Advanced_Lighting_BuiltData.uasset" 359
"C:/Users/Eric/Desktop/New SP/RoboticsFCSimulator/Content/StarterContent/HDRI/HDRI_Epic_Courtyard_Daylight.uasset" 360
"../../../Engine/Content/MapTemplates/Sky/DaylightAmbientCubemap.uasset" 361
"C:/Users/Eric/Desktop/New SP/RoboticsFCSimulator/Content/StarterContent/Blueprints/Assets/M_LightStage_Skybox_Master.uasset" 362
"C:/Users/Eric/Desktop/New SP/RoboticsFCSimulator/Content/StarterContent/Blueprints/Assets/M_LightStage_Skybox_HDRI.uasset" 363
"C:/Users/Eric/Desktop/New SP/RoboticsFCSimulator/Content/StarterContent/Blueprints/Assets/M_LightStage_Arrows.uasset" 364
"C:/Users/Eric/Desktop/New SP/RoboticsFCSimulator/Content/StarterContent/Blueprints/Assets/SM_Arrows.uasset" 365
"../../../Engine/Content/EditorMaterials/Thumbnails/SkySphereMaterial.uasset" 366
"C:/Users/Eric/Desktop/New SP/RoboticsFCSimulator/Content/StarterContent/Blueprints/Assets/Skybox.uasset" 367
"C:/Users/Eric/Desktop/New SP/RoboticsFCSimulator/Content/StarterContent/Blueprints/Assets/M_LightStage_Skybox_Black.uasset" 368
"C:/Users/Eric/Desktop/New SP/RoboticsFCSimulator/Content/StarterContent/Blueprints/Assets/SunlightColorLUT.uasset" 369
"C:/Users/Eric/Desktop/New SP/RoboticsFCSimulator/Content/StarterContent/Blueprints/Assets/FogBrightnessLUT.uasset" 370
"C:/Users/Eric/Desktop/New SP/RoboticsFCSimulator/Content/StarterContent/Blueprints/BP_LightStudio.uasset" 371
"C:/Users/Eric/Desktop/New SP/RoboticsFCSimulator/Content/StarterContent/Materials/M_AssetPlatform.uasset" 372
"C:/Users/Eric/Desktop/New SP/RoboticsFCSimulator/Content/StarterContent/Architecture/SM_AssetPlatform.uasset" 373
"C:/Users/Eric/Desktop/New SP/RoboticsFCSimulator/Content/StarterContent/Maps/Advanced_Lighting.umap" 374
"C:/Users/Eric/Desktop/New SP/RoboticsFCSimulator/Content/StarterContent/Textures/T_TableRound_N.uasset" 375
"C:/Users/Eric/Desktop/New SP/RoboticsFCSimulator/Content/StarterContent/Textures/T_TableRound_M.uasset" 376
"C:/Users/Eric/Desktop/New SP/RoboticsFCSimulator/Content/StarterContent/Props/Materials/M_TableRound.uasset" 377
"C:/Users/Eric/Desktop/New SP/RoboticsFCSimulator/Content/StarterContent/Props/SM_TableRound.uasset" 378
"C:/Users/Eric/Desktop/New SP/RoboticsFCSimulator/Content/StarterContent/Textures/T_Statue_N.uasset" 379
"C:/Users/Eric/Desktop/New SP/RoboticsFCSimulator/Content/StarterContent/Textures/T_Statue_M.uasset" 380
"C:/Users/Eric/Desktop/New SP/RoboticsFCSimulator/Content/StarterContent/Props/Materials/M_Statue.uasset" 381
"C:/Users/Eric/Desktop/New SP/RoboticsFCSimulator/Content/StarterContent/Props/Materials/M_StatueGlass.uasset" 382
"C:/Users/Eric/Desktop/New SP/RoboticsFCSimulator/Content/StarterContent/Props/SM_Statue.uasset" 383
"C:/Users/Eric/Desktop/New SP/RoboticsFCSimulator/Content/StarterContent/Props/SM_Chair.uasset" 384
"C:/Users/Eric/Desktop/New SP/RoboticsFCSimulator/Content/StarterContent/Textures/T_Metal_Copper_D.uasset" 385
"C:/Users/Eric/Desktop/New SP/RoboticsFCSimulator/Content/StarterContent/Textures/T_Metal_Gold_N.uasset" 386
"C:/Users/Eric/Desktop/New SP/RoboticsFCSimulator/Content/StarterContent/Textures/T_MacroVariation.uasset" 387
"C:/Users/Eric/Desktop/New SP/RoboticsFCSimulator/Content/StarterContent/Materials/M_Metal_Copper.uasset" 388
"C:/Users/Eric/Desktop/New SP/RoboticsFCSimulator/Content/StarterContent/Textures/T_Metal_Aluminum_D.uasset" 389
"C:/Users/Eric/Desktop/New SP/RoboticsFCSimulator/Content/StarterContent/Materials/M_Metal_Burnished_Steel.uasset" 390
"C:/Users/Eric/Desktop/New SP/RoboticsFCSimulator/Content/StarterContent/Materials/M_Metal_Brushed_Nickel.uasset" 391
"C:/Users/Eric/Desktop/New SP/RoboticsFCSimulator/Content/StarterContent/Maps/Minimal_Default_BuiltData.uasset" 392
"C:/Users/Eric/Desktop/New SP/RoboticsFCSimulator/Content/StarterContent/Audio/Starter_Background_Cue.uasset" 393
"C:/Users/Eric/Desktop/New SP/RoboticsFCSimulator/Content/StarterContent/Architecture/Floor_400x400.uasset" 394
"C:/Users/Eric/Desktop/New SP/RoboticsFCSimulator/Content/StarterContent/Maps/Minimal_Default.umap" 395
"C:/Users/Eric/Desktop/New SP/RoboticsFCSimulator/Content/StarterContent/Shapes/Shape_Sphere.uasset" 396
"C:/Users/Eric/Desktop/New SP/RoboticsFCSimulator/Content/StarterContent/Shapes/Shape_QuadPyramid.uasset" 397
"C:/Users/Eric/Desktop/New SP/RoboticsFCSimulator/Content/StarterContent/Shapes/Shape_Cube.uasset" 398
"C:/Users/Eric/Desktop/New SP/RoboticsFCSimulator/Content/StarterContent/Textures/T_Frame_N.uasset" 399
"C:/Users/Eric/Desktop/New SP/RoboticsFCSimulator/Content/StarterContent/Textures/T_Frame_M.uasset" 400
"C:/Users/Eric/Desktop/New SP/RoboticsFCSimulator/Content/StarterContent/Props/Materials/M_Frame.uasset" 401
"C:/Users/Eric/Desktop/New SP/RoboticsFCSimulator/Content/StarterContent/Props/SM_WindowFrame.uasset" 402
"C:/Users/Eric/Desktop/New SP/RoboticsFCSimulator/Content/StarterContent/Props/SM_PillarFrame300.uasset" 403
"C:/Users/Eric/Desktop/New SP/RoboticsFCSimulator/Content/StarterContent/Props/SM_PillarFrame.uasset" 404
"C:/Users/Eric/Desktop/New SP/RoboticsFCSimulator/Content/StarterContent/Props/SM_GlassWindow.uasset" 405
"C:/Users/Eric/Desktop/New SP/RoboticsFCSimulator/Content/StarterContent/Props/SM_DoorFrame.uasset" 406
"C:/Users/Eric/Desktop/New SP/RoboticsFCSimulator/Content/StarterContent/Props/SM_CornerFrame.uasset" 407
"C:/Users/Eric/Desktop/New SP/RoboticsFCSimulator/Content/StarterContent/Props/MaterialSphere.uasset" 408
"C:/Users/Eric/Desktop/New SP/RoboticsFCSimulator/Content/StarterContent/Textures/T_Dust_Particle_D.uasset" 409
"C:/Users/Eric/Desktop/New SP/RoboticsFCSimulator/Content/StarterContent/Particles/Materials/M_Dust_Particle.uasset" 410
"C:/Users/Eric/Desktop/New SP/RoboticsFCSimulator/Content/StarterContent/Particles/P_Ambient_Dust.uasset" 411
"C:/Users/Eric/Desktop/New SP/RoboticsFCSimulator/Content/StarterContent/Textures/T_Wood_Walnut_N.uasset" 412
"C:/Users/Eric/Desktop/New SP/RoboticsFCSimulator/Content/StarterContent/Textures/T_Wood_Walnut_D.uasset" 413
"C:/Users/Eric/Desktop/New SP/RoboticsFCSimulator/Content/StarterContent/Materials/M_Wood_Walnut.uasset" 414
"C:/Users/Eric/Desktop/New SP/RoboticsFCSimulator/Content/StarterContent/Textures/T_Wood_Pine_N.uasset" 415
"C:/Users/Eric/Desktop/New SP/RoboticsFCSimulator/Content/StarterContent/Textures/T_Wood_Pine_D.uasset" 416
"C:/Users/Eric/Desktop/New SP/RoboticsFCSimulator/Content/StarterContent/Textures/T_Perlin_Noise_M.uasset" 417
"C:/Users/Eric/Desktop/New SP/RoboticsFCSimulator/Content/StarterContent/Materials/M_Wood_Pine.uasset" 418
"C:/Users/Eric/Desktop/New SP/RoboticsFCSimulator/Content/StarterContent/Textures/T_Wood_Oak_N.uasset" 419
"C:/Users/Eric/Desktop/New SP/RoboticsFCSimulator/Content/StarterContent/Textures/T_Wood_Oak_D.uasset" 420
"C:/Users/Eric/Desktop/New SP/RoboticsFCSimulator/Content/StarterContent/Materials/M_Wood_Oak.uasset" 421
"../../../Engine/Content/Functions/Engine_MaterialFunctions01/Opacity/AlphaOffset.uasset" 422
"C:/Users/Eric/Desktop/New SP/RoboticsFCSimulator/Content/StarterContent/Textures/T_Wood_Floor_Walnut_N.uasset" 423
"C:/Users/Eric/Desktop/New SP/RoboticsFCSimulator/Content/StarterContent/Textures/T_Wood_Floor_Walnut_M.uasset" 424
"C:/Users/Eric/Desktop/New SP/RoboticsFCSimulator/Content/StarterContent/Textures/T_Wood_Floor_Walnut_D.uasset" 425
"C:/Users/Eric/Desktop/New SP/RoboticsFCSimulator/Content/StarterContent/Materials/M_Wood_Floor_Walnut_Worn.uasset" 426
"C:/Users/Eric/Desktop/New SP/RoboticsFCSimulator/Content/StarterContent/Materials/M_Wood_Floor_Walnut_Polished.uasset" 427
"C:/Users/Eric/Desktop/New SP/RoboticsFCSimulator/Content/StarterContent/Textures/T_Water_M.uasset" 428
"C:/Users/Eric/Desktop/New SP/RoboticsFCSimulator/Content/StarterContent/Textures/T_Water_N.uasset" 429
"C:/Users/Eric/Desktop/New SP/RoboticsFCSimulator/Content/StarterContent/Materials/M_Water_Ocean.uasset" 430
"C:/Users/Eric/Desktop/New SP/RoboticsFCSimulator/Content/StarterContent/Materials/M_Water_Lake.uasset" 431
"C:/Users/Eric/Desktop/New SP/RoboticsFCSimulator/Content/StarterContent/Textures/T_Tech_Panel_N.uasset" 432
"C:/Users/Eric/Desktop/New SP/RoboticsFCSimulator/Content/StarterContent/Textures/T_Tech_Panel_M.uasset" 433
"C:/Users/Eric/Desktop/New SP/RoboticsFCSimulator/Content/StarterContent/Textures/T_Metal_Steel_D.uasset" 434
"C:/Users/Eric/Desktop/New SP/RoboticsFCSimulator/Content/StarterContent/Materials/M_Tech_Panel.uasset" 435
"C:/Users/Eric/Desktop/New SP/RoboticsFCSimulator/Content/StarterContent/Textures/T_Tech_Hex_Tile_N.uasset" 436
"C:/Users/Eric/Desktop/New SP/RoboticsFCSimulator/Content/StarterContent/Textures/T_Tech_Hex_Tile_M.uasset" 437
"C:/Users/Eric/Desktop/New SP/RoboticsFCSimulator/Content/StarterContent/Materials/M_Tech_Hex_Tile_Pulse.uasset" 438
"C:/Users/Eric/Desktop/New SP/RoboticsFCSimulator/Content/StarterContent/Materials/M_Tech_Hex_Tile.uasset" 439
"C:/Users/Eric/Desktop/New SP/RoboticsFCSimulator/Content/StarterContent/Textures/T_Tech_Dot_N.uasset" 440
"C:/Users/Eric/Desktop/New SP/RoboticsFCSimulator/Content/StarterContent/Textures/T_Tech_Dot_M.uasset" 441
"C:/Users/Eric/Desktop/New SP/RoboticsFCSimulator/Content/StarterContent/Textures/T_Single_Tile_N.uasset" 442
"C:/Users/Eric/Desktop/New SP/RoboticsFCSimulator/Content/StarterContent/Textures/T_Checker_Noise_M.uasset" 443
"C:/Users/Eric/Desktop/New SP/RoboticsFCSimulator/Content/StarterContent/Materials/M_Tech_Checker_Dot.uasset" 444
"C:/Users/Eric/Desktop/New SP/RoboticsFCSimulator/Content/StarterContent/Textures/T_Rock_Slate_N.uasset" 445
"C:/Users/Eric/Desktop/New SP/RoboticsFCSimulator/Content/StarterContent/Textures/T_Rock_Slate_D.uasset" 446
"C:/Users/Eric/Desktop/New SP/RoboticsFCSimulator/Content/StarterContent/Materials/M_Rock_Slate.uasset" 447
"C:/Users/Eric/Desktop/New SP/RoboticsFCSimulator/Content/StarterContent/Textures/T_Rock_Sandstone_N.uasset" 448
"C:/Users/Eric/Desktop/New SP/RoboticsFCSimulator/Content/StarterContent/Textures/T_Rock_Sandstone_D.uasset" 449
"C:/Users/Eric/Desktop/New SP/RoboticsFCSimulator/Content/StarterContent/Materials/M_Rock_Sandstone.uasset" 450
"C:/Users/Eric/Desktop/New SP/RoboticsFCSimulator/Content/StarterContent/Textures/T_Rock_Marble_Polished_D.uasset" 451
"C:/Users/Eric/Desktop/New SP/RoboticsFCSimulator/Content/StarterContent/Materials/M_Rock_Marble_Polished.uasset" 452
"C:/Users/Eric/Desktop/New SP/RoboticsFCSimulator/Content/StarterContent/Textures/T_Rock_Basalt_N.uasset" 453
"C:/Users/Eric/Desktop/New SP/RoboticsFCSimulator/Content/StarterContent/Materials/M_Rock_Basalt.uasset" 454
"C:/Users/Eric/Desktop/New SP/RoboticsFCSimulator/Content/StarterContent/Textures/T_Metal_Rust_D.uasset" 455
"C:/Users/Eric/Desktop/New SP/RoboticsFCSimulator/Content/StarterContent/Textures/T_Metal_Rust_N.uasset" 456
"C:/Users/Eric/Desktop/New SP/RoboticsFCSimulator/Content/StarterContent/Materials/M_Metal_Rust.uasset" 457
"C:/Users/Eric/Desktop/New SP/RoboticsFCSimulator/Content/StarterContent/Textures/T_Metal_Gold_D.uasset" 458
"C:/Users/Eric/Desktop/New SP/RoboticsFCSimulator/Content/StarterContent/Materials/M_Metal_Gold.uasset" 459
"C:/Users/Eric/Desktop/New SP/RoboticsFCSimulator/Content/StarterContent/Materials/M_Metal_Chrome.uasset" 460
"C:/Users/Eric/Desktop/New SP/RoboticsFCSimulator/Content/StarterContent/Textures/T_Ground_Moss_N.uasset" 461
"C:/Users/Eric/Desktop/New SP/RoboticsFCSimulator/Content/StarterContent/Textures/T_ground_Moss_D.uasset" 462
"C:/Users/Eric/Desktop/New SP/RoboticsFCSimulator/Content/StarterContent/Materials/M_Ground_Moss.uasset" 463
"C:/Users/Eric/Desktop/New SP/RoboticsFCSimulator/Content/StarterContent/Textures/T_Ground_Gravel_N.uasset" 464
"C:/Users/Eric/Desktop/New SP/RoboticsFCSimulator/Content/StarterContent/Textures/T_Ground_Gravel_D.uasset" 465
"C:/Users/Eric/Desktop/New SP/RoboticsFCSimulator/Content/StarterContent/Materials/M_Ground_Gravel.uasset" 466
"C:/Users/Eric/Desktop/New SP/RoboticsFCSimulator/Content/StarterContent/Textures/T_Ground_Grass_N.uasset" 467
"C:/Users/Eric/Desktop/New SP/RoboticsFCSimulator/Content/StarterContent/Textures/T_Ground_Grass_D.uasset" 468
"C:/Users/Eric/Desktop/New SP/RoboticsFCSimulator/Content/StarterContent/Materials/M_Ground_Grass.uasset" 469
"C:/Users/Eric/Desktop/New SP/RoboticsFCSimulator/Content/StarterContent/Textures/T_Concrete_Tiles_Variation_M.uasset" 470
"C:/Users/Eric/Desktop/New SP/RoboticsFCSimulator/Content/StarterContent/Textures/T_Concrete_Tiles_N.uasset" 471
"C:/Users/Eric/Desktop/New SP/RoboticsFCSimulator/Content/StarterContent/Textures/T_Concrete_Tiles_M.uasset" 472
"C:/Users/Eric/Desktop/New SP/RoboticsFCSimulator/Content/StarterContent/Textures/T_Concrete_Tiles_D.uasset" 473
"C:/Users/Eric/Desktop/New SP/RoboticsFCSimulator/Content/StarterContent/Materials/M_Concrete_Tiles.uasset" 474
"C:/Users/Eric/Desktop/New SP/RoboticsFCSimulator/Content/StarterContent/Textures/T_Concrete_Panels_N.uasset" 475
"C:/Users/Eric/Desktop/New SP/RoboticsFCSimulator/Content/StarterContent/Textures/T_Concrete_Panels_D.uasset" 476
"C:/Users/Eric/Desktop/New SP/RoboticsFCSimulator/Content/StarterContent/Materials/M_Concrete_Panels.uasset" 477
"C:/Users/Eric/Desktop/New SP/RoboticsFCSimulator/Content/StarterContent/Textures/T_Concrete_Grime_D.uasset" 478
"C:/Users/Eric/Desktop/New SP/RoboticsFCSimulator/Content/StarterContent/Materials/M_Concrete_Grime.uasset" 479
"C:/Users/Eric/Desktop/New SP/RoboticsFCSimulator/Content/StarterContent/Textures/T_CobbleStone_Smooth_N.uasset" 480
"C:/Users/Eric/Desktop/New SP/RoboticsFCSimulator/Content/StarterContent/Textures/T_CobbleStone_Smooth_M.uasset" 481
"C:/Users/Eric/Desktop/New SP/RoboticsFCSimulator/Content/StarterContent/Textures/T_CobbleStone_Smooth_D.uasset" 482
"C:/Users/Eric/Desktop/New SP/RoboticsFCSimulator/Content/StarterContent/Textures/T_Rock_Smooth_Granite_D.uasset" 483
"C:/Users/Eric/Desktop/New SP/RoboticsFCSimulator/Content/StarterContent/Textures/T_Gradinet_01.uasset" 484
"C:/Users/Eric/Desktop/New SP/RoboticsFCSimulator/Content/StarterContent/Materials/M_CobbleStone_Smooth.uasset" 485
"C:/Users/Eric/Desktop/New SP/RoboticsFCSimulator/Content/StarterContent/Textures/T_CobbleStone_Rough_N.uasset" 486
"C:/Users/Eric/Desktop/New SP/RoboticsFCSimulator/Content/StarterContent/Textures/T_CobbleStone_Rough_D.uasset" 487
"C:/Users/Eric/Desktop/New SP/RoboticsFCSimulator/Content/StarterContent/Materials/M_CobbleStone_Rough.uasset" 488
"C:/Users/Eric/Desktop/New SP/RoboticsFCSimulator/Content/StarterContent/Textures/T_CobbleStone_Pebble_N.uasset" 489
"C:/Users/Eric/Desktop/New SP/RoboticsFCSimulator/Content/StarterContent/Textures/T_CobbleStone_Pebble_M.uasset" 490
"C:/Users/Eric/Desktop/New SP/RoboticsFCSimulator/Content/StarterContent/Textures/T_CobbleStone_Pebble_D.uasset" 491
"C:/Users/Eric/Desktop/New SP/RoboticsFCSimulator/Content/StarterContent/Materials/M_CobbleStone_Pebble.uasset" 492
"C:/Users/Eric/Desktop/New SP/RoboticsFCSimulator/Content/StarterContent/Textures/T_Ceramic_Tile_N.uasset" 493
"C:/Users/Eric/Desktop/New SP/RoboticsFCSimulator/Content/StarterContent/Textures/T_Ceramic_Tile_M.uasset" 494
"C:/Users/Eric/Desktop/New SP/RoboticsFCSimulator/Content/StarterContent/Materials/M_Ceramic_Tile_Checker.uasset" 495
"C:/Users/Eric/Desktop/New SP/RoboticsFCSimulator/Content/StarterContent/Textures/T_Brick_Hewn_Stone_N.uasset" 496
"C:/Users/Eric/Desktop/New SP/RoboticsFCSimulator/Content/StarterContent/Textures/T_Brick_Hewn_Stone_M.uasset" 497
"C:/Users/Eric/Desktop/New SP/RoboticsFCSimulator/Content/StarterContent/Textures/T_Brick_Hewn_Stone_D.uasset" 498
"C:/Users/Eric/Desktop/New SP/RoboticsFCSimulator/Content/StarterContent/Materials/M_Brick_Hewn_Stone.uasset" 499
"C:/Users/Eric/Desktop/New SP/RoboticsFCSimulator/Content/StarterContent/Textures/T_Brick_Cut_Stone_N.uasset" 500
"C:/Users/Eric/Desktop/New SP/RoboticsFCSimulator/Content/StarterContent/Textures/T_Brick_Cut_Stone_D.uasset" 501
"C:/Users/Eric/Desktop/New SP/RoboticsFCSimulator/Content/StarterContent/Materials/M_Brick_Cut_Stone.uasset" 502
"C:/Users/Eric/Desktop/New SP/RoboticsFCSimulator/Content/StarterContent/Textures/T_Brick_Clay_Old_N.uasset" 503
"C:/Users/Eric/Desktop/New SP/RoboticsFCSimulator/Content/StarterContent/Textures/T_Brick_Clay_Old_D.uasset" 504
"C:/Users/Eric/Desktop/New SP/RoboticsFCSimulator/Content/StarterContent/Materials/M_Brick_Clay_Old.uasset" 505
"C:/Users/Eric/Desktop/New SP/RoboticsFCSimulator/Content/StarterContent/Textures/T_Brick_Clay_New_N.uasset" 506
"C:/Users/Eric/Desktop/New SP/RoboticsFCSimulator/Content/StarterContent/Textures/T_Brick_Clay_New_M.uasset" 507
"C:/Users/Eric/Desktop/New SP/RoboticsFCSimulator/Content/StarterContent/Textures/T_Brick_Clay_New_D.uasset" 508
"C:/Users/Eric/Desktop/New SP/RoboticsFCSimulator/Content/StarterContent/Materials/M_Brick_Clay_New.uasset" 509
"C:/Users/Eric/Desktop/New SP/RoboticsFCSimulator/Content/StarterContent/Textures/T_Brick_Clay_Beveled_N.uasset" 510
"C:/Users/Eric/Desktop/New SP/RoboticsFCSimulator/Content/StarterContent/Textures/T_Brick_Clay_Beveled_M.uasset" 511
"C:/Users/Eric/Desktop/New SP/RoboticsFCSimulator/Content/StarterContent/Textures/T_Brick_Clay_Beveled_D.uasset" 512
"C:/Users/Eric/Desktop/New SP/RoboticsFCSimulator/Content/StarterContent/Materials/M_Brick_Clay_Beveled.uasset" 513
"../../../Engine/Content/Functions/Engine_MaterialFunctions03/Procedurals/ComputeFilterWidth.uasset" 514
"../../../Engine/Content/EngineMaterials/AntiAliasedTextMaterialTranslucent.uasset" 515
"C:/Users/Eric/Desktop/New SP/RoboticsFCSimulator/Content/StarterContent/Maps/StarterMap_BuiltData.uasset" 516
"C:/Users/Eric/Desktop/New SP/RoboticsFCSimulator/Content/StarterContent/Textures/T_Concrete_Poured_N.uasset" 517
"C:/Users/Eric/Desktop/New SP/RoboticsFCSimulator/Content/StarterContent/Textures/T_Concrete_Poured_D.uasset" 518
"C:/Users/Eric/Desktop/New SP/RoboticsFCSimulator/Content/StarterContent/Materials/M_Concrete_Poured.uasset" 519
"C:/Users/Eric/Desktop/New SP/RoboticsFCSimulator/Content/StarterContent/Textures/T_Metal_Steel_N.uasset" 520
"C:/Users/Eric/Desktop/New SP/RoboticsFCSimulator/Content/StarterContent/Materials/M_Metal_Steel.uasset" 521
"C:/Users/Eric/Desktop/New SP/RoboticsFCSimulator/Content/StarterContent/Textures/T_Lamp_N.uasset" 522
"C:/Users/Eric/Desktop/New SP/RoboticsFCSimulator/Content/StarterContent/Textures/T_Lamp_M.uasset" 523
"C:/Users/Eric/Desktop/New SP/RoboticsFCSimulator/Content/StarterContent/Props/Materials/M_Lamp.uasset" 524
"C:/Users/Eric/Desktop/New SP/RoboticsFCSimulator/Content/StarterContent/Props/SM_Lamp_Wall.uasset" 525
"C:/Users/Eric/Desktop/New SP/RoboticsFCSimulator/Content/StarterContent/Blueprints/Blueprint_WallSconce.uasset" 526
"C:/Users/Eric/Desktop/New SP/RoboticsFCSimulator/Content/StarterContent/Particles/P_Steam_Lit.uasset" 527
"C:/Users/Eric/Desktop/New SP/RoboticsFCSimulator/Content/StarterContent/Audio/Steam01_Cue.uasset" 528
"C:/Users/Eric/Desktop/New SP/RoboticsFCSimulator/Content/StarterContent/Blueprints/Blueprint_Effect_Steam.uasset" 529
"C:/Users/Eric/Desktop/New SP/RoboticsFCSimulator/Content/StarterContent/Textures/T_Spark_Core.uasset" 530
"C:/Users/Eric/Desktop/New SP/RoboticsFCSimulator/Content/StarterContent/Particles/Materials/M_Spark.uasset" 531
"C:/Users/Eric/Desktop/New SP/RoboticsFCSimulator/Content/StarterContent/Particles/Materials/M_Radial_Gradient.uasset" 532
"C:/Users/Eric/Desktop/New SP/RoboticsFCSimulator/Content/StarterContent/Particles/P_Sparks.uasset" 533
"C:/Users/Eric/Desktop/New SP/RoboticsFCSimulator/Content/StarterContent/Audio/Fire_Sparks01_Cue.uasset" 534
"C:/Users/Eric/Desktop/New SP/RoboticsFCSimulator/Content/StarterContent/Blueprints/Blueprint_Effect_Sparks.uasset" 535
"C:/Users/Eric/Desktop/New SP/RoboticsFCSimulator/Content/StarterContent/Particles/P_Smoke.uasset" 536
"C:/Users/Eric/Desktop/New SP/RoboticsFCSimulator/Content/StarterContent/Audio/Smoke01_Cue.uasset" 537
"C:/Users/Eric/Desktop/New SP/RoboticsFCSimulator/Content/StarterContent/Blueprints/Blueprint_Effect_Smoke.uasset" 538
"C:/Users/Eric/Desktop/New SP/RoboticsFCSimulator/Content/StarterContent/Particles/Materials/M_Heat_Distortion.uasset" 539
"C:/Users/Eric/Desktop/New SP/RoboticsFCSimulator/Content/StarterContent/Textures/T_Fire_Tiled_D.uasset" 540
"C:/Users/Eric/Desktop/New SP/RoboticsFCSimulator/Content/StarterContent/Textures/T_Fire_SubUV.uasset" 541
"C:/Users/Eric/Desktop/New SP/RoboticsFCSimulator/Content/StarterContent/Particles/Materials/M_Fire_SubUV.uasset" 542
"C:/Users/Eric/Desktop/New SP/RoboticsFCSimulator/Content/StarterContent/Particles/P_Fire.uasset" 543
"C:/Users/Eric/Desktop/New SP/RoboticsFCSimulator/Content/StarterContent/Audio/Fire01_Cue.uasset" 544
"C:/Users/Eric/Desktop/New SP/RoboticsFCSimulator/Content/StarterContent/Blueprints/Blueprint_Effect_Fire.uasset" 545
"C:/Users/Eric/Desktop/New SP/RoboticsFCSimulator/Content/StarterContent/Props/SM_Lamp_Ceiling.uasset" 546
"C:/Users/Eric/Desktop/New SP/RoboticsFCSimulator/Content/StarterContent/Blueprints/Blueprint_CeilingLight.uasset" 547
"C:/Users/Eric/Desktop/New SP/RoboticsFCSimulator/Content/StarterContent/Audio/Starter_Music_Cue.uasset" 548
"C:/Users/Eric/Desktop/New SP/RoboticsFCSimulator/Content/StarterContent/Audio/Collapse_Cue.uasset" 549
"C:/Users/Eric/Desktop/New SP/RoboticsFCSimulator/Content/StarterContent/Architecture/Wall_Window_400x300.uasset" 550
"C:/Users/Eric/Desktop/New SP/RoboticsFCSimulator/Content/StarterContent/Architecture/Wall_Door_400x300.uasset" 551
"C:/Users/Eric/Desktop/New SP/RoboticsFCSimulator/Content/StarterContent/Architecture/Wall_400x200.uasset" 552
"C:/Users/Eric/Desktop/New SP/RoboticsFCSimulator/Content/StarterContent/Maps/StarterMap.umap" 553
"C:/Users/Eric/Desktop/New SP/RoboticsFCSimulator/Content/Core/Pallet/T_StagingArea.uasset" 554
"C:/Users/Eric/Desktop/New SP/RoboticsFCSimulator/Content/Core/Pallet/M_StagingArea.uasset" 555
"C:/Users/Eric/Desktop/New SP/RoboticsFCSimulator/Content/Core/Pallet/BP_StagingArea.uasset" 556
"C:/Users/Eric/Desktop/New SP/RoboticsFCSimulator/Content/StarterContent/Shapes/Shape_Plane.uasset" 557
"C:/Users/Eric/Desktop/New SP/RoboticsFCSimulator/Content/Core/Pallet/T_PalletPlacement.uasset" 558
"../../../Engine/Content/Functions/Engine_MaterialFunctions02/Texturing/CustomRotator.uasset" 559
"C:/Users/Eric/Desktop/New SP/RoboticsFCSimulator/Content/Core/Pallet/M_PalletPlacement.uasset" 560
"C:/Users/Eric/Desktop/New SP/RoboticsFCSimulator/Content/Core/Pallet/MI_PalletPlacement_Hover.uasset" 561
"C:/Users/Eric/Desktop/New SP/RoboticsFCSimulator/Content/Core/Pallet/MI_PalletPlacement_Allowed.uasset" 562
"C:/Users/Eric/Desktop/New SP/RoboticsFCSimulator/Content/Core/HUD/PalletPlacement_HUD.uasset" 563
"C:/Users/Eric/Desktop/New SP/RoboticsFCSimulator/Content/Core/Pallet/BP_Pallet.uasset" 564
"C:/Users/Eric/Desktop/New SP/RoboticsFCSimulator/Content/Core/HUD/MainUI_HUD.uasset" 565
"C:/Users/Eric/Desktop/New SP/RoboticsFCSimulator/Content/TopDownCPP/Blueprints/BP_RoboticsFCPlayerController.uasset" 566
"C:/Users/Eric/Desktop/New SP/RoboticsFCSimulator/Content/Core/Pallet/BP_PalletPlacement.uasset" 567
"C:/Users/Eric/Desktop/New SP/RoboticsFCSimulator/Content/StarterContent/Architecture/StaticMesh_Conveyor.uasset" 568
"C:/Users/Eric/Desktop/New SP/RoboticsFCSimulator/Content/StarterContent/Architecture/StaticMesh.uasset" 569
"C:/Users/Eric/Desktop/New SP/RoboticsFCSimulator/Content/StarterContent/Architecture/MaterialInstanceDynamic_3.uasset" 570
"C:/Users/Eric/Desktop/New SP/RoboticsFCSimulator/Content/StarterContent/Architecture/Gate.uasset" 571
"C:/Users/Eric/Desktop/New SP/RoboticsFCSimulator/Content/Core/Conveyor/ConveyorBeltTexture.uasset" 572
"C:/Users/Eric/Desktop/New SP/RoboticsFCSimulator/Content/Core/Conveyor/Material_001.uasset" 573
"C:/Users/Eric/Desktop/New SP/RoboticsFCSimulator/Content/Core/Conveyor/Material_003.uasset" 574
"C:/Users/Eric/Desktop/New SP/RoboticsFCSimulator/Content/Core/Conveyor/SM_ConveyorBelt.uasset" 575
"C:/Users/Eric/Desktop/New SP/RoboticsFCSimulator/Content/Core/Conveyor/Overlap.uasset" 576
"C:/Users/Eric/Desktop/New SP/RoboticsFCSimulator/Content/Core/Conveyor/TimeConveyorText.uasset" 577
"C:/Users/Eric/Desktop/New SP/RoboticsFCSimulator/Content/Core/Conveyor/BP_ConveyorBelt.uasset" 578
"C:/Users/Eric/Desktop/New SP/RoboticsFCSimulator/Content/TopDownCPP/Maps/Bruno_Test_Zone.umap" 579
"C:/Users/Eric/Desktop/New SP/RoboticsFCSimulator/Content/TopDownCPP/Maps/Erics_Test_Zone_BuiltData.uasset" 580
"C:/Users/Eric/Desktop/New SP/RoboticsFCSimulator/Content/Core/StorageRack/StorageRackBP.uasset" 581
"C:/Users/Eric/Desktop/New SP/RoboticsFCSimulator/Content/Geometry/Meshes/1M_Cube.uasset" 582
"C:/Users/Eric/Desktop/New SP/RoboticsFCSimulator/Content/Core/Pallet/BP_Product.uasset" 583
"C:/Users/Eric/Desktop/New SP/RoboticsFCSimulator/Content/TopDownCPP/Maps/Erics_Test_Zone.umap" 584
"C:/Users/Eric/Desktop/New SP/RoboticsFCSimulator/Content/TopDownCPP/Maps/TopDownExampleMap_BuiltData.uasset" 585
"C:/Users/Eric/Desktop/New SP/RoboticsFCSimulator/Content/StarterContent/Architecture/Temp_Arm.uasset" 586
"C:/Users/Eric/Desktop/New SP/RoboticsFCSimulator/Content/StarterContent/Architecture/Full_Pallet.uasset" 587
"C:/Users/Eric/Desktop/New SP/RoboticsFCSimulator/Content/Core/Conveyor/BP_TEMP_SPAWN_CUBE.uasset" 588
"C:/Users/Eric/Desktop/New SP/RoboticsFCSimulator/Content/TopDownCPP/Maps/TopDownExampleMap.umap" 589
"../../../Engine/Content/Maps/Entry_BuiltData.uasset" 590
"../../../Engine/Content/Maps/Entry.umap" 591
